<?xml version="1.0" encoding="UTF-8"?>
<!-- Generated by org.testng.reporters.JUnitReportReporter -->
<testsuite skipped="0" hostname="DESKTOP-ITCJHIC" name="Test.NewTest" tests="1" failures="0" timestamp="30 Jan 2021 02:40:38 GMT" time="13.464" errors="0">
  <testcase name="f" time="13.464" classname="Test.NewTest"/>
</testsuite> <!-- Test.NewTest -->
