<?xml version="1.0" encoding="UTF-8"?>
<!-- Generated by org.testng.reporters.JUnitReportReporter -->
<testsuite skipped="0" hostname="DESKTOP-ITCJHIC" name="Test.BasePageTest" tests="4" failures="1" timestamp="30 Jan 2021 05:51:25 GMT" time="4.638" errors="0">
  <testcase name="baseTest3" time="0.530" classname="Test.BasePageTest"/>
  <testcase name="baseTest1" time="0.530" classname="Test.BasePageTest"/>
  <testcase name="baseTest2" time="3.530" classname="Test.BasePageTest"/>
  <testcase name="verifyHomePage" time="0.048" classname="Test.BasePageTest">
    <failure type="java.lang.AssertionError" message="Home page title doesn&#039;t match expected [true] but found [false]">
      <![CDATA[java.lang.AssertionError: Home page title doesn't match expected [true] but found [false]
at org.testng.Assert.fail(Assert.java:96)
at org.testng.Assert.failNotEquals(Assert.java:776)
at org.testng.Assert.assertTrue(Assert.java:44)
at Test.BasePageTest.verifyHomePage(BasePageTest.java:25)
at sun.reflect.NativeMethodAccessorImpl.invoke0(Native Method)
at sun.reflect.NativeMethodAccessorImpl.invoke(NativeMethodAccessorImpl.java:62)
at sun.reflect.DelegatingMethodAccessorImpl.invoke(DelegatingMethodAccessorImpl.java:43)
at java.lang.reflect.Method.invoke(Method.java:498)
at org.testng.internal.MethodInvocationHelper.invokeMethod(MethodInvocationHelper.java:124)
at org.testng.internal.Invoker.invokeMethod(Invoker.java:583)
at org.testng.internal.Invoker.invokeTestMethod(Invoker.java:719)
at org.testng.internal.Invoker.invokeTestMethods(Invoker.java:989)
at org.testng.internal.TestMethodWorker.invokeTestMethods(TestMethodWorker.java:125)
at org.testng.internal.TestMethodWorker.run(TestMethodWorker.java:109)
at java.util.concurrent.ThreadPoolExecutor.runWorker(ThreadPoolExecutor.java:1149)
at java.util.concurrent.ThreadPoolExecutor$Worker.run(ThreadPoolExecutor.java:624)
at java.lang.Thread.run(Thread.java:748)
]]>
    </failure>
  </testcase> <!-- verifyHomePage -->
</testsuite> <!-- Test.BasePageTest -->
